  [1m[36m (69.1ms)[0m  [1mCREATE TABLE "schema_migrations" ("version" character varying NOT NULL) [0m
  [1m[35m (4.3ms)[0m  CREATE UNIQUE INDEX  "unique_schema_migrations" ON "schema_migrations"  ("version")
  [1m[36mActiveRecord::SchemaMigration Load (1.7ms)[0m  [1mSELECT "schema_migrations".* FROM "schema_migrations"[0m
Migrating to CreateExercises (20151024224033)
  [1m[35m (5.3ms)[0m  BEGIN
DEPRECATION WARNING: `#timestamps` was called without specifying an option for `null`. In Rails 5, this behavior will change to `null: false`. You should manually specify `null: true` to prevent the behavior of your existing migrations from changing. (called from block in change at /Users/jasonurton/Documents/rails/personal/iron-api/db/migrate/20151024224033_create_exercises.rb:6)
  [1m[36m (45.8ms)[0m  [1mCREATE TABLE "exercises" ("id" serial primary key, "name" character varying NOT NULL, "created_at" timestamp, "updated_at" timestamp) [0m
  [1m[35mSQL (23.9ms)[0m  INSERT INTO "schema_migrations" ("version") VALUES ($1)  [["version", "20151024224033"]]
  [1m[36m (1.0ms)[0m  [1mCOMMIT[0m
Migrating to CreateUsers (20151024225656)
  [1m[35m (6.2ms)[0m  BEGIN
DEPRECATION WARNING: `#timestamps` was called without specifying an option for `null`. In Rails 5, this behavior will change to `null: false`. You should manually specify `null: true` to prevent the behavior of your existing migrations from changing. (called from block in change at /Users/jasonurton/Documents/rails/personal/iron-api/db/migrate/20151024225656_create_users.rb:6)
  [1m[36m (17.9ms)[0m  [1mCREATE TABLE "users" ("id" serial primary key, "email" character varying NOT NULL, "created_at" timestamp, "updated_at" timestamp) [0m
  [1m[35mSQL (1.0ms)[0m  INSERT INTO "schema_migrations" ("version") VALUES ($1)  [["version", "20151024225656"]]
  [1m[36m (0.6ms)[0m  [1mCOMMIT[0m
Migrating to CreateExerciseGroups (20151024225804)
  [1m[35m (6.1ms)[0m  BEGIN
DEPRECATION WARNING: `#timestamps` was called without specifying an option for `null`. In Rails 5, this behavior will change to `null: false`. You should manually specify `null: true` to prevent the behavior of your existing migrations from changing. (called from block in change at /Users/jasonurton/Documents/rails/personal/iron-api/db/migrate/20151024225804_create_exercise_groups.rb:6)
  [1m[36m (17.3ms)[0m  [1mCREATE TABLE "exercise_groups" ("id" serial primary key, "user_id" integer NOT NULL, "created_at" timestamp, "updated_at" timestamp) [0m
  [1m[35mSQL (0.3ms)[0m  INSERT INTO "schema_migrations" ("version") VALUES ($1)  [["version", "20151024225804"]]
  [1m[36m (0.5ms)[0m  [1mCOMMIT[0m
Migrating to CreateExerciseGroupExercises (20151024230329)
  [1m[35m (6.0ms)[0m  BEGIN
  [1m[36m (9.4ms)[0m  [1mCREATE TABLE "exercise_group_exercises" ("id" serial primary key, "exercise_id" integer NOT NULL, "exercise_group_id" integer NOT NULL) [0m
  [1m[35mSQL (0.3ms)[0m  INSERT INTO "schema_migrations" ("version") VALUES ($1)  [["version", "20151024230329"]]
  [1m[36m (6.8ms)[0m  [1mCOMMIT[0m
Migrating to CreateWorkouts (20151024233320)
  [1m[35m (6.6ms)[0m  BEGIN
DEPRECATION WARNING: `#timestamps` was called without specifying an option for `null`. In Rails 5, this behavior will change to `null: false`. You should manually specify `null: true` to prevent the behavior of your existing migrations from changing. (called from block in change at /Users/jasonurton/Documents/rails/personal/iron-api/db/migrate/20151024233320_create_workouts.rb:7)
  [1m[36m (14.1ms)[0m  [1mCREATE TABLE "workouts" ("id" serial primary key, "exercise_group_id" integer NOT NULL, "user_id" integer NOT NULL, "created_at" timestamp, "updated_at" timestamp) [0m
  [1m[35mSQL (1.8ms)[0m  INSERT INTO "schema_migrations" ("version") VALUES ($1)  [["version", "20151024233320"]]
  [1m[36m (0.9ms)[0m  [1mCOMMIT[0m
Migrating to CreateWorkoutSets (20151024233900)
  [1m[35m (6.1ms)[0m  BEGIN
DEPRECATION WARNING: `#timestamps` was called without specifying an option for `null`. In Rails 5, this behavior will change to `null: false`. You should manually specify `null: true` to prevent the behavior of your existing migrations from changing. (called from block in change at /Users/jasonurton/Documents/rails/personal/iron-api/db/migrate/20151024233900_create_workout_sets.rb:9)
  [1m[36m (16.8ms)[0m  [1mCREATE TABLE "workout_sets" ("id" serial primary key, "exercise_id" integer NOT NULL, "rep_count" integer NOT NULL, "weight" integer NOT NULL, "workout_id" integer NOT NULL, "created_at" timestamp, "updated_at" timestamp) [0m
  [1m[35mSQL (0.2ms)[0m  INSERT INTO "schema_migrations" ("version") VALUES ($1)  [["version", "20151024233900"]]
  [1m[36m (0.5ms)[0m  [1mCOMMIT[0m
  [1m[35mActiveRecord::SchemaMigration Load (0.4ms)[0m  SELECT "schema_migrations".* FROM "schema_migrations"
  [1m[36m (8.8ms)[0m  [1mSELECT t2.oid::regclass::text AS to_table, a1.attname AS column, a2.attname AS primary_key, c.conname AS name, c.confupdtype AS on_update, c.confdeltype AS on_delete
FROM pg_constraint c
JOIN pg_class t1 ON c.conrelid = t1.oid
JOIN pg_class t2 ON c.confrelid = t2.oid
JOIN pg_attribute a1 ON a1.attnum = c.conkey[1] AND a1.attrelid = t1.oid
JOIN pg_attribute a2 ON a2.attnum = c.confkey[1] AND a2.attrelid = t2.oid
JOIN pg_namespace t3 ON c.connamespace = t3.oid
WHERE c.contype = 'f'
  AND t1.relname = 'exercise_group_exercises'
  AND t3.nspname = ANY (current_schemas(false))
ORDER BY c.conname
[0m
  [1m[35m (6.5ms)[0m  SELECT t2.oid::regclass::text AS to_table, a1.attname AS column, a2.attname AS primary_key, c.conname AS name, c.confupdtype AS on_update, c.confdeltype AS on_delete
FROM pg_constraint c
JOIN pg_class t1 ON c.conrelid = t1.oid
JOIN pg_class t2 ON c.confrelid = t2.oid
JOIN pg_attribute a1 ON a1.attnum = c.conkey[1] AND a1.attrelid = t1.oid
JOIN pg_attribute a2 ON a2.attnum = c.confkey[1] AND a2.attrelid = t2.oid
JOIN pg_namespace t3 ON c.connamespace = t3.oid
WHERE c.contype = 'f'
  AND t1.relname = 'exercise_groups'
  AND t3.nspname = ANY (current_schemas(false))
ORDER BY c.conname

  [1m[36m (5.5ms)[0m  [1mSELECT t2.oid::regclass::text AS to_table, a1.attname AS column, a2.attname AS primary_key, c.conname AS name, c.confupdtype AS on_update, c.confdeltype AS on_delete
FROM pg_constraint c
JOIN pg_class t1 ON c.conrelid = t1.oid
JOIN pg_class t2 ON c.confrelid = t2.oid
JOIN pg_attribute a1 ON a1.attnum = c.conkey[1] AND a1.attrelid = t1.oid
JOIN pg_attribute a2 ON a2.attnum = c.confkey[1] AND a2.attrelid = t2.oid
JOIN pg_namespace t3 ON c.connamespace = t3.oid
WHERE c.contype = 'f'
  AND t1.relname = 'exercises'
  AND t3.nspname = ANY (current_schemas(false))
ORDER BY c.conname
[0m
  [1m[35m (5.1ms)[0m  SELECT t2.oid::regclass::text AS to_table, a1.attname AS column, a2.attname AS primary_key, c.conname AS name, c.confupdtype AS on_update, c.confdeltype AS on_delete
FROM pg_constraint c
JOIN pg_class t1 ON c.conrelid = t1.oid
JOIN pg_class t2 ON c.confrelid = t2.oid
JOIN pg_attribute a1 ON a1.attnum = c.conkey[1] AND a1.attrelid = t1.oid
JOIN pg_attribute a2 ON a2.attnum = c.confkey[1] AND a2.attrelid = t2.oid
JOIN pg_namespace t3 ON c.connamespace = t3.oid
WHERE c.contype = 'f'
  AND t1.relname = 'users'
  AND t3.nspname = ANY (current_schemas(false))
ORDER BY c.conname

  [1m[36m (6.1ms)[0m  [1mSELECT t2.oid::regclass::text AS to_table, a1.attname AS column, a2.attname AS primary_key, c.conname AS name, c.confupdtype AS on_update, c.confdeltype AS on_delete
FROM pg_constraint c
JOIN pg_class t1 ON c.conrelid = t1.oid
JOIN pg_class t2 ON c.confrelid = t2.oid
JOIN pg_attribute a1 ON a1.attnum = c.conkey[1] AND a1.attrelid = t1.oid
JOIN pg_attribute a2 ON a2.attnum = c.confkey[1] AND a2.attrelid = t2.oid
JOIN pg_namespace t3 ON c.connamespace = t3.oid
WHERE c.contype = 'f'
  AND t1.relname = 'workout_sets'
  AND t3.nspname = ANY (current_schemas(false))
ORDER BY c.conname
[0m
  [1m[35m (9.3ms)[0m  SELECT t2.oid::regclass::text AS to_table, a1.attname AS column, a2.attname AS primary_key, c.conname AS name, c.confupdtype AS on_update, c.confdeltype AS on_delete
FROM pg_constraint c
JOIN pg_class t1 ON c.conrelid = t1.oid
JOIN pg_class t2 ON c.confrelid = t2.oid
JOIN pg_attribute a1 ON a1.attnum = c.conkey[1] AND a1.attrelid = t1.oid
JOIN pg_attribute a2 ON a2.attnum = c.confkey[1] AND a2.attrelid = t2.oid
JOIN pg_namespace t3 ON c.connamespace = t3.oid
WHERE c.contype = 'f'
  AND t1.relname = 'workouts'
  AND t3.nspname = ANY (current_schemas(false))
ORDER BY c.conname

  [1m[36m (126.5ms)[0m  [1mDROP DATABASE IF EXISTS "iron_test"[0m
  [1m[35m (501.6ms)[0m  CREATE DATABASE "iron_test" ENCODING = 'utf8'
  [1m[36mSQL (3.0ms)[0m  [1mCREATE EXTENSION IF NOT EXISTS "plpgsql"[0m
  [1m[35m (20.4ms)[0m  CREATE TABLE "exercise_group_exercises" ("id" serial primary key, "exercise_id" integer NOT NULL, "exercise_group_id" integer NOT NULL) 
  [1m[36m (4.4ms)[0m  [1mCREATE TABLE "exercise_groups" ("id" serial primary key, "user_id" integer NOT NULL, "created_at" timestamp, "updated_at" timestamp) [0m
  [1m[35m (5.8ms)[0m  CREATE TABLE "exercises" ("id" serial primary key, "name" character varying NOT NULL, "created_at" timestamp, "updated_at" timestamp) 
  [1m[36m (7.1ms)[0m  [1mCREATE TABLE "users" ("id" serial primary key, "email" character varying NOT NULL, "created_at" timestamp, "updated_at" timestamp) [0m
  [1m[35m (3.8ms)[0m  CREATE TABLE "workout_sets" ("id" serial primary key, "exercise_id" integer NOT NULL, "rep_count" integer NOT NULL, "weight" integer NOT NULL, "workout_id" integer NOT NULL, "created_at" timestamp, "updated_at" timestamp) 
  [1m[36m (4.8ms)[0m  [1mCREATE TABLE "workouts" ("id" serial primary key, "exercise_group_id" integer NOT NULL, "user_id" integer NOT NULL, "created_at" timestamp, "updated_at" timestamp) [0m
  [1m[35m (14.0ms)[0m  CREATE TABLE "schema_migrations" ("version" character varying NOT NULL) 
  [1m[36m (1.5ms)[0m  [1mCREATE UNIQUE INDEX  "unique_schema_migrations" ON "schema_migrations"  ("version")[0m
  [1m[35m (0.4ms)[0m  SELECT version FROM "schema_migrations"
  [1m[36m (1.1ms)[0m  [1mINSERT INTO "schema_migrations" (version) VALUES ('20151024233900')[0m
  [1m[35m (0.5ms)[0m  INSERT INTO "schema_migrations" (version) VALUES ('20151024224033')
  [1m[36m (0.4ms)[0m  [1mINSERT INTO "schema_migrations" (version) VALUES ('20151024225656')[0m
  [1m[35m (0.5ms)[0m  INSERT INTO "schema_migrations" (version) VALUES ('20151024225804')
  [1m[36m (0.4ms)[0m  [1mINSERT INTO "schema_migrations" (version) VALUES ('20151024230329')[0m
  [1m[35m (0.4ms)[0m  INSERT INTO "schema_migrations" (version) VALUES ('20151024233320')
  [1m[36mUser Load (2.8ms)[0m  [1mSELECT  "users".* FROM "users"  ORDER BY "users"."id" DESC LIMIT 1[0m
